2022-06-06 11:01:01.619  INFO 12352 --- [main] com.rightstep.figure.FigureApplication   : Starting FigureApplication using Java 11.0.9.1 on WIN-P96KM697CTJ with PID 12352 (C:\java\Treining\TestTask\rightstep\figure\target\classes started by User in C:\java\Treining\TestTask\rightstep\figure)
2022-06-06 11:01:01.631  INFO 12352 --- [main] com.rightstep.figure.FigureApplication   : No active profile set, falling back to 1 default profile: "default"
2022-06-06 11:01:02.753  INFO 12352 --- [main] .s.d.r.c.RepositoryConfigurationDelegate : Bootstrapping Spring Data JPA repositories in DEFAULT mode.
2022-06-06 11:01:02.878  INFO 12352 --- [main] .s.d.r.c.RepositoryConfigurationDelegate : Finished Spring Data repository scanning in 109 ms. Found 3 JPA repository interfaces.
2022-06-06 11:01:03.714  INFO 12352 --- [main] o.s.b.w.embedded.tomcat.TomcatWebServer  : Tomcat initialized with port(s): 8080 (http)
2022-06-06 11:01:03.716  INFO 12352 --- [main] o.a.catalina.core.AprLifecycleListener   : An older version [1.2.25] of the Apache Tomcat Native library is installed, while Tomcat recommends a minimum version of [1.2.30]
2022-06-06 11:01:03.716  INFO 12352 --- [main] o.a.catalina.core.AprLifecycleListener   : Loaded Apache Tomcat Native library [1.2.25] using APR version [1.7.0].
2022-06-06 11:01:03.717  INFO 12352 --- [main] o.a.catalina.core.AprLifecycleListener   : APR capabilities: IPv6 [true], sendfile [true], accept filters [false], random [true], UDS [false].
2022-06-06 11:01:03.717  INFO 12352 --- [main] o.a.catalina.core.AprLifecycleListener   : APR/OpenSSL configuration: useAprConnector [false], useOpenSSL [true]
2022-06-06 11:01:03.747  INFO 12352 --- [main] o.a.catalina.core.AprLifecycleListener   : OpenSSL successfully initialized [OpenSSL 1.1.1g  21 Apr 2020]
2022-06-06 11:01:03.763  INFO 12352 --- [main] o.apache.catalina.core.StandardService   : Starting service [Tomcat]
2022-06-06 11:01:03.763  INFO 12352 --- [main] org.apache.catalina.core.StandardEngine  : Starting Servlet engine: [Apache Tomcat/9.0.63]
2022-06-06 11:01:03.935  INFO 12352 --- [main] o.a.c.c.C.[Tomcat].[localhost].[/]       : Initializing Spring embedded WebApplicationContext
2022-06-06 11:01:03.935  INFO 12352 --- [main] w.s.c.ServletWebServerApplicationContext : Root WebApplicationContext: initialization completed in 2207 ms
2022-06-06 11:01:04.172  INFO 12352 --- [main] com.zaxxer.hikari.HikariDataSource       : HikariPool-1 - Starting...
2022-06-06 11:01:04.403  INFO 12352 --- [main] com.zaxxer.hikari.HikariDataSource       : HikariPool-1 - Start completed.
2022-06-06 11:01:04.478  INFO 12352 --- [main] o.hibernate.jpa.internal.util.LogHelper  : HHH000204: Processing PersistenceUnitInfo [name: default]
2022-06-06 11:01:04.571  INFO 12352 --- [main] org.hibernate.Version                    : HHH000412: Hibernate ORM core version 5.6.9.Final
2022-06-06 11:01:04.830  INFO 12352 --- [main] o.hibernate.annotations.common.Version   : HCANN000001: Hibernate Commons Annotations {5.1.2.Final}
2022-06-06 11:01:05.006  INFO 12352 --- [main] org.hibernate.dialect.Dialect            : HHH000400: Using dialect: org.hibernate.dialect.MySQLDialect
2022-06-06 11:01:05.888  INFO 12352 --- [main] o.h.e.t.j.p.i.JtaPlatformInitiator       : HHH000490: Using JtaPlatform implementation: [org.hibernate.engine.transaction.jta.platform.internal.NoJtaPlatform]
2022-06-06 11:01:05.902  INFO 12352 --- [main] j.LocalContainerEntityManagerFactoryBean : Initialized JPA EntityManagerFactory for persistence unit 'default'
2022-06-06 11:01:06.556  WARN 12352 --- [main] JpaBaseConfiguration$JpaWebConfiguration : spring.jpa.open-in-view is enabled by default. Therefore, database queries may be performed during view rendering. Explicitly configure spring.jpa.open-in-view to disable this warning
2022-06-06 11:01:07.089  INFO 12352 --- [main] o.s.b.w.embedded.tomcat.TomcatWebServer  : Tomcat started on port(s): 8080 (http) with context path ''
2022-06-06 11:01:07.110  INFO 12352 --- [main] com.rightstep.figure.FigureApplication   : Started FigureApplication in 6.327 seconds (JVM running for 11.485)
2022-06-06 12:51:35.836  WARN 12352 --- [HikariPool-1 housekeeper] com.zaxxer.hikari.pool.HikariPool        : HikariPool-1 - Thread starvation or clock leap detected (housekeeper delta=13m908ms200µs987ns).
2022-06-06 13:05:13.325  WARN 12352 --- [HikariPool-1 housekeeper] com.zaxxer.hikari.pool.HikariPool        : HikariPool-1 - Thread starvation or clock leap detected (housekeeper delta=11m37s489ms460µs175ns).
2022-06-06 13:28:09.813  WARN 12352 --- [HikariPool-1 housekeeper] com.zaxxer.hikari.pool.HikariPool        : HikariPool-1 - Thread starvation or clock leap detected (housekeeper delta=20m56s495ms358µs98ns).
2022-06-06 14:09:23.786  WARN 12352 --- [HikariPool-1 housekeeper] com.zaxxer.hikari.pool.HikariPool        : HikariPool-1 - Thread starvation or clock leap detected (housekeeper delta=39m13s981ms822µs394ns).
2022-06-06 14:34:24.036  WARN 12352 --- [HikariPool-1 housekeeper] com.zaxxer.hikari.pool.HikariPool        : HikariPool-1 - Thread starvation or clock leap detected (housekeeper delta=14m239ms443µs70ns).
2022-06-06 14:58:04.844  WARN 12352 --- [HikariPool-1 housekeeper] com.zaxxer.hikari.pool.HikariPool        : HikariPool-1 - Thread starvation or clock leap detected (housekeeper delta=21m10s804ms191µs200ns).
2022-06-06 15:21:22.351  WARN 12352 --- [HikariPool-1 housekeeper] com.zaxxer.hikari.pool.HikariPool        : HikariPool-1 - Thread starvation or clock leap detected (housekeeper delta=47s476ms133µs645ns).
2022-06-06 15:31:01.967  INFO 12352 --- [SpringApplicationShutdownHook] j.LocalContainerEntityManagerFactoryBean : Closing JPA EntityManagerFactory for persistence unit 'default'
2022-06-06 15:31:02.028  INFO 12352 --- [SpringApplicationShutdownHook] com.zaxxer.hikari.HikariDataSource       : HikariPool-1 - Shutdown initiated...
2022-06-06 15:31:02.052  INFO 12352 --- [SpringApplicationShutdownHook] com.zaxxer.hikari.HikariDataSource       : HikariPool-1 - Shutdown completed.
